{"step": "step1_analyzer", "entity": "silver_actor", "rule": "A1: config file parsed", "confidence": "HIGH", "reason": "Loaded 4 columns, PKs=['actor_id'], FKs=[] from actor.json", "timestamp": "2026-04-05T19:24:23.597723+00:00"}
{"step": "step1_analyzer", "entity": "silver_address", "rule": "A1: config file parsed", "confidence": "HIGH", "reason": "Loaded 8 columns, PKs=['address_id'], FKs=['city_id'] from address.json", "timestamp": "2026-04-05T19:24:23.597870+00:00"}
{"step": "step1_analyzer", "entity": "silver_category", "rule": "A1: config file parsed", "confidence": "HIGH", "reason": "Loaded 3 columns, PKs=['category_id'], FKs=[] from category.json", "timestamp": "2026-04-05T19:24:23.597952+00:00"}
{"step": "step1_analyzer", "entity": "silver_city", "rule": "A1: config file parsed", "confidence": "HIGH", "reason": "Loaded 4 columns, PKs=['city_id'], FKs=['country_id'] from city.json", "timestamp": "2026-04-05T19:24:23.598024+00:00"}
{"step": "step1_analyzer", "entity": "silver_country", "rule": "A1: config file parsed", "confidence": "HIGH", "reason": "Loaded 3 columns, PKs=['country_id'], FKs=[] from country.json", "timestamp": "2026-04-05T19:24:23.598094+00:00"}
{"step": "step1_analyzer", "entity": "silver_customer", "rule": "A1: config file parsed", "confidence": "HIGH", "reason": "Loaded 10 columns, PKs=['customer_id'], FKs=['store_id', 'address_id'] from customer.json", "timestamp": "2026-04-05T19:24:23.598176+00:00"}
{"step": "step1_analyzer", "entity": "silver_film", "rule": "A1: config file parsed", "confidence": "HIGH", "reason": "Loaded 13 columns, PKs=['film_id'], FKs=['language_id'] from film.json", "timestamp": "2026-04-05T19:24:23.598270+00:00"}
{"step": "step1_analyzer", "entity": "silver_film_actor", "rule": "A1: config file parsed", "confidence": "HIGH", "reason": "Loaded 3 columns, PKs=['film_id', 'actor_id'], FKs=['film_id', 'actor_id'] from film_actor.json", "timestamp": "2026-04-05T19:24:23.598341+00:00"}
{"step": "step1_analyzer", "entity": "silver_film_category", "rule": "A1: config file parsed", "confidence": "HIGH", "reason": "Loaded 3 columns, PKs=['film_id', 'category_id'], FKs=['film_id', 'category_id'] from film_category.json", "timestamp": "2026-04-05T19:24:23.598408+00:00"}
{"step": "step1_analyzer", "entity": "silver_inventory", "rule": "A1: config file parsed", "confidence": "HIGH", "reason": "Loaded 4 columns, PKs=['inventory_id'], FKs=['film_id', 'store_id'] from inventory.json", "timestamp": "2026-04-05T19:24:23.598480+00:00"}
{"step": "step1_analyzer", "entity": "silver_language", "rule": "A1: config file parsed", "confidence": "HIGH", "reason": "Loaded 3 columns, PKs=['language_id'], FKs=[] from language.json", "timestamp": "2026-04-05T19:24:23.598545+00:00"}
{"step": "step1_analyzer", "entity": "silver_payment", "rule": "A1: config file parsed", "confidence": "HIGH", "reason": "Loaded 6 columns, PKs=['payment_id'], FKs=['customer_id', 'staff_id', 'rental_id'] from payment.json", "timestamp": "2026-04-05T19:24:23.598617+00:00"}
{"step": "step1_analyzer", "entity": "silver_rental", "rule": "A1: config file parsed", "confidence": "HIGH", "reason": "Loaded 7 columns, PKs=['rental_id'], FKs=['inventory_id', 'customer_id', 'staff_id'] from rental.json", "timestamp": "2026-04-05T19:24:23.598692+00:00"}
{"step": "step1_analyzer", "entity": "silver_staff", "rule": "A1: config file parsed", "confidence": "HIGH", "reason": "Loaded 9 columns, PKs=['staff_id'], FKs=['address_id', 'store_id'] from staff.json", "timestamp": "2026-04-05T19:24:23.598769+00:00"}
{"step": "step1_analyzer", "entity": "silver_store", "rule": "A1: config file parsed", "confidence": "HIGH", "reason": "Loaded 4 columns, PKs=['store_id'], FKs=['manager_staff_id', 'address_id'] from store.json", "timestamp": "2026-04-05T19:24:23.598853+00:00"}
{"step": "step2_rule_engine", "entity": "HUB_ACTOR", "rule": "R4: ['actor_id'] \u2192 Hub", "confidence": "HIGH", "reason": "Business key: actor_id; source: silver.silver_actor", "timestamp": "2026-04-05T19:24:23.599784+00:00"}
{"step": "step2_rule_engine", "entity": "HUB_ADDRESS", "rule": "R4: ['address_id'] \u2192 Hub", "confidence": "HIGH", "reason": "Business key: address_id; source: silver.silver_address", "timestamp": "2026-04-05T19:24:23.599847+00:00"}
{"step": "step2_rule_engine", "entity": "HUB_CATEGORY", "rule": "R4: ['category_id'] \u2192 Hub", "confidence": "HIGH", "reason": "Business key: category_id; source: silver.silver_category", "timestamp": "2026-04-05T19:24:23.599891+00:00"}
{"step": "step2_rule_engine", "entity": "HUB_CITY", "rule": "R4: ['city_id'] \u2192 Hub", "confidence": "HIGH", "reason": "Business key: city_id; source: silver.silver_city", "timestamp": "2026-04-05T19:24:23.599925+00:00"}
{"step": "step2_rule_engine", "entity": "HUB_COUNTRY", "rule": "R4: ['country_id'] \u2192 Hub", "confidence": "HIGH", "reason": "Business key: country_id; source: silver.silver_country", "timestamp": "2026-04-05T19:24:23.599956+00:00"}
{"step": "step2_rule_engine", "entity": "HUB_CUSTOMER", "rule": "R1: ['customer_id'] \u2192 Hub", "confidence": "HIGH", "reason": "Business key: customer_id; source: silver.silver_customer", "timestamp": "2026-04-05T19:24:23.599988+00:00"}
{"step": "step2_rule_engine", "entity": "HUB_FILM", "rule": "R1: ['film_id'] \u2192 Hub", "confidence": "HIGH", "reason": "Business key: film_id; source: silver.silver_film", "timestamp": "2026-04-05T19:24:23.600019+00:00"}
{"step": "step2_rule_engine", "entity": "silver_film_actor", "rule": "R2: junction \u2192 skip hub", "confidence": "HIGH", "reason": "silver_film_actor is a many-to-many junction table \u2014 will become a Link only", "timestamp": "2026-04-05T19:24:23.600048+00:00"}
{"step": "step2_rule_engine", "entity": "silver_film_category", "rule": "R2: junction \u2192 skip hub", "confidence": "HIGH", "reason": "silver_film_category is a many-to-many junction table \u2014 will become a Link only", "timestamp": "2026-04-05T19:24:23.600073+00:00"}
{"step": "step2_rule_engine", "entity": "HUB_INVENTORY", "rule": "R1: ['inventory_id'] \u2192 Hub", "confidence": "HIGH", "reason": "Business key: inventory_id; source: silver.silver_inventory", "timestamp": "2026-04-05T19:24:23.600100+00:00"}
{"step": "step2_rule_engine", "entity": "HUB_LANGUAGE", "rule": "R4: ['language_id'] \u2192 Hub", "confidence": "HIGH", "reason": "Business key: language_id; source: silver.silver_language", "timestamp": "2026-04-05T19:24:23.600129+00:00"}
{"step": "step2_rule_engine", "entity": "HUB_PAYMENT", "rule": "R1: ['payment_id'] \u2192 Hub", "confidence": "HIGH", "reason": "Business key: payment_id; source: silver.silver_payment", "timestamp": "2026-04-05T19:24:23.600158+00:00"}
{"step": "step2_rule_engine", "entity": "HUB_RENTAL", "rule": "R1: ['rental_id'] \u2192 Hub", "confidence": "HIGH", "reason": "Business key: rental_id; source: silver.silver_rental", "timestamp": "2026-04-05T19:24:23.600187+00:00"}
{"step": "step2_rule_engine", "entity": "HUB_STAFF", "rule": "R4: ['staff_id'] \u2192 Hub", "confidence": "HIGH", "reason": "Business key: staff_id; source: silver.silver_staff", "timestamp": "2026-04-05T19:24:23.600215+00:00"}
{"step": "step2_rule_engine", "entity": "HUB_STORE", "rule": "R4: ['store_id'] \u2192 Hub", "confidence": "HIGH", "reason": "Business key: store_id; source: silver.silver_store", "timestamp": "2026-04-05T19:24:23.600243+00:00"}
{"step": "step2_rule_engine", "entity": "LNK_ADDRESS_CITY", "rule": "L1: FK column \u2192 Link", "confidence": "HIGH", "reason": "silver_address.city_id \u2192 silver_city", "timestamp": "2026-04-05T19:24:23.600283+00:00"}
{"step": "step2_rule_engine", "entity": "LNK_CITY_COUNTRY", "rule": "L1: FK column \u2192 Link", "confidence": "HIGH", "reason": "silver_city.country_id \u2192 silver_country", "timestamp": "2026-04-05T19:24:23.600333+00:00"}
{"step": "step2_rule_engine", "entity": "LNK_CUSTOMER_STORE", "rule": "L1: FK column \u2192 Link", "confidence": "HIGH", "reason": "silver_customer.store_id \u2192 silver_store", "timestamp": "2026-04-05T19:24:23.600382+00:00"}
{"step": "step2_rule_engine", "entity": "LNK_CUSTOMER_ADDRESS", "rule": "L1: FK column \u2192 Link", "confidence": "HIGH", "reason": "silver_customer.address_id \u2192 silver_address", "timestamp": "2026-04-05T19:24:23.600427+00:00"}
{"step": "step2_rule_engine", "entity": "LNK_FILM_LANGUAGE", "rule": "L1: FK column \u2192 Link", "confidence": "HIGH", "reason": "silver_film.language_id \u2192 silver_language", "timestamp": "2026-04-05T19:24:23.600484+00:00"}
{"step": "step2_rule_engine", "entity": "LNK_FILM_ACTOR", "rule": "L2: junction \u2192 multi-hub Link", "confidence": "HIGH", "reason": "Junction table silver_film_actor \u2192 Link with 2 hub references", "timestamp": "2026-04-05T19:24:23.600535+00:00"}
{"step": "step2_rule_engine", "entity": "LNK_FILM_CATEGORY", "rule": "L2: junction \u2192 multi-hub Link", "confidence": "HIGH", "reason": "Junction table silver_film_category \u2192 Link with 2 hub references", "timestamp": "2026-04-05T19:24:23.600570+00:00"}
{"step": "step2_rule_engine", "entity": "LNK_INVENTORY_FILM", "rule": "L1: FK column \u2192 Link", "confidence": "HIGH", "reason": "silver_inventory.film_id \u2192 silver_film", "timestamp": "2026-04-05T19:24:23.600601+00:00"}
{"step": "step2_rule_engine", "entity": "LNK_INVENTORY_STORE", "rule": "L1: FK column \u2192 Link", "confidence": "HIGH", "reason": "silver_inventory.store_id \u2192 silver_store", "timestamp": "2026-04-05T19:24:23.600629+00:00"}
{"step": "step2_rule_engine", "entity": "LNK_PAYMENT_CUSTOMER", "rule": "L1: FK column \u2192 Link", "confidence": "HIGH", "reason": "silver_payment.customer_id \u2192 silver_customer", "timestamp": "2026-04-05T19:24:23.600671+00:00"}
{"step": "step2_rule_engine", "entity": "LNK_PAYMENT_STAFF", "rule": "L1: FK column \u2192 Link", "confidence": "HIGH", "reason": "silver_payment.staff_id \u2192 silver_staff", "timestamp": "2026-04-05T19:24:23.600714+00:00"}
{"step": "step2_rule_engine", "entity": "LNK_PAYMENT_RENTAL", "rule": "L1: FK column \u2192 Link", "confidence": "HIGH", "reason": "silver_payment.rental_id \u2192 silver_rental", "timestamp": "2026-04-05T19:24:23.600755+00:00"}
{"step": "step2_rule_engine", "entity": "LNK_RENTAL_INVENTORY", "rule": "L1: FK column \u2192 Link", "confidence": "HIGH", "reason": "silver_rental.inventory_id \u2192 silver_inventory", "timestamp": "2026-04-05T19:24:23.600812+00:00"}
{"step": "step2_rule_engine", "entity": "LNK_RENTAL_CUSTOMER", "rule": "L1: FK column \u2192 Link", "confidence": "HIGH", "reason": "silver_rental.customer_id \u2192 silver_customer", "timestamp": "2026-04-05T19:24:23.600860+00:00"}
{"step": "step2_rule_engine", "entity": "LNK_RENTAL_STAFF", "rule": "L1: FK column \u2192 Link", "confidence": "HIGH", "reason": "silver_rental.staff_id \u2192 silver_staff", "timestamp": "2026-04-05T19:24:23.600906+00:00"}
{"step": "step2_rule_engine", "entity": "LNK_STAFF_ADDRESS", "rule": "L1: FK column \u2192 Link", "confidence": "HIGH", "reason": "silver_staff.address_id \u2192 silver_address", "timestamp": "2026-04-05T19:24:23.600951+00:00"}
{"step": "step2_rule_engine", "entity": "LNK_STAFF_STORE", "rule": "L1: FK column \u2192 Link", "confidence": "HIGH", "reason": "silver_staff.store_id \u2192 silver_store", "timestamp": "2026-04-05T19:24:23.600994+00:00"}
{"step": "step2_rule_engine", "entity": "LNK_STORE_STAFF", "rule": "L1: FK column \u2192 Link", "confidence": "HIGH", "reason": "silver_store.manager_staff_id \u2192 silver_staff", "timestamp": "2026-04-05T19:24:23.601040+00:00"}
{"step": "step2_rule_engine", "entity": "LNK_STORE_ADDRESS", "rule": "L1: FK column \u2192 Link", "confidence": "HIGH", "reason": "silver_store.address_id \u2192 silver_address", "timestamp": "2026-04-05T19:24:23.601072+00:00"}
{"step": "step2_rule_engine", "entity": "SAT_ACTOR_CORE", "rule": "S1: \u2192 Satellite", "confidence": "HIGH", "reason": "Parent: HUB_ACTOR, tracked: ['first_name', 'last_name']", "timestamp": "2026-04-05T19:24:23.601123+00:00"}
{"step": "step2_rule_engine", "entity": "SAT_ADDRESS_CORE", "rule": "S1: \u2192 Satellite", "confidence": "HIGH", "reason": "Parent: HUB_ADDRESS, tracked: ['address', 'address2', 'district', 'postal_code', 'phone']", "timestamp": "2026-04-05T19:24:23.601173+00:00"}
{"step": "step2_rule_engine", "entity": "SAT_CATEGORY_CORE", "rule": "S1: \u2192 Satellite", "confidence": "HIGH", "reason": "Parent: HUB_CATEGORY, tracked: ['name']", "timestamp": "2026-04-05T19:24:23.601216+00:00"}
{"step": "step2_rule_engine", "entity": "SAT_CITY_CORE", "rule": "S1: \u2192 Satellite", "confidence": "HIGH", "reason": "Parent: HUB_CITY, tracked: ['city']", "timestamp": "2026-04-05T19:24:23.601253+00:00"}
{"step": "step2_rule_engine", "entity": "SAT_COUNTRY_CORE", "rule": "S1: \u2192 Satellite", "confidence": "HIGH", "reason": "Parent: HUB_COUNTRY, tracked: ['country']", "timestamp": "2026-04-05T19:24:23.601288+00:00"}
{"step": "step2_rule_engine", "entity": "SAT_CUSTOMER_CORE", "rule": "S1: \u2192 Satellite", "confidence": "HIGH", "reason": "Parent: HUB_CUSTOMER, tracked: ['first_name', 'last_name', 'email', 'activebool', 'active']", "timestamp": "2026-04-05T19:24:23.601328+00:00"}
{"step": "step2_rule_engine", "entity": "SAT_FILM_CORE", "rule": "S2: \u2192 Satellite", "confidence": "HIGH", "reason": "Parent: HUB_FILM, tracked: ['title', 'description', 'release_year', 'length', 'rating', 'special_features', 'fulltext']", "timestamp": "2026-04-05T19:24:23.601378+00:00"}
{"step": "step2_rule_engine", "entity": "SAT_FILM_PRICING", "rule": "S2: \u2192 Satellite", "confidence": "HIGH", "reason": "Parent: HUB_FILM, tracked: ['rental_duration', 'rental_rate', 'replacement_cost']", "timestamp": "2026-04-05T19:24:23.601409+00:00"}
{"step": "step2_rule_engine", "entity": "SAT_INVENTORY", "rule": "S4: audit-only \u2192 marker satellite", "confidence": "HIGH", "reason": "Only audit columns found: ['last_update']", "timestamp": "2026-04-05T19:24:23.601443+00:00"}
{"step": "step2_rule_engine", "entity": "SAT_LANGUAGE_CORE", "rule": "S1: \u2192 Satellite", "confidence": "HIGH", "reason": "Parent: HUB_LANGUAGE, tracked: ['name']", "timestamp": "2026-04-05T19:24:23.601478+00:00"}
{"step": "step2_rule_engine", "entity": "SAT_PAYMENT_CORE", "rule": "S2: \u2192 Satellite", "confidence": "HIGH", "reason": "Parent: HUB_PAYMENT, tracked: ['payment_date']", "timestamp": "2026-04-05T19:24:23.601516+00:00"}
{"step": "step2_rule_engine", "entity": "SAT_PAYMENT_PRICING", "rule": "S2: \u2192 Satellite", "confidence": "HIGH", "reason": "Parent: HUB_PAYMENT, tracked: ['amount']", "timestamp": "2026-04-05T19:24:23.601547+00:00"}
{"step": "step2_rule_engine", "entity": "SAT_RENTAL_CORE", "rule": "S1: \u2192 Satellite", "confidence": "HIGH", "reason": "Parent: HUB_RENTAL, tracked: ['rental_date', 'return_date']", "timestamp": "2026-04-05T19:24:23.601586+00:00"}
{"step": "step2_rule_engine", "entity": "SAT_STAFF_CORE", "rule": "S1: \u2192 Satellite", "confidence": "HIGH", "reason": "Parent: HUB_STAFF, tracked: ['first_name', 'last_name', 'email', 'username', 'active']", "timestamp": "2026-04-05T19:24:23.601627+00:00"}
{"step": "step2_rule_engine", "entity": "SAT_STORE", "rule": "S4: audit-only \u2192 marker satellite", "confidence": "HIGH", "reason": "Only audit columns found: ['last_update']", "timestamp": "2026-04-05T19:24:23.601660+00:00"}
